<?xml version="1.0" encoding="UTF-8"?>
<testsuite name="GigasecondTest" tests="5" skipped="0" failures="0" errors="0" timestamp="2020-06-15T20:56:08" hostname="DESKTOP-17V4FVN" time="0.012">
  <properties/>
  <testcase name="withFullTimeSpecified" classname="GigasecondTest" time="0.01"/>
  <testcase name="modernTime" classname="GigasecondTest" time="0.0"/>
  <testcase name="beforeEpochTime" classname="GigasecondTest" time="0.001"/>
  <testcase name="afterEpochTime" classname="GigasecondTest" time="0.0"/>
  <testcase name="withFullTimeSpecifiedAndDayRollover" classname="GigasecondTest" time="0.0"/>
  <system-out><![CDATA[]]></system-out>
  <system-err><![CDATA[]]></system-err>
</testsuite>
